[2026-07-02T12:44:12.882Z] GET https://aarna.rjglobalgroup.in/ → pending (?ms, ?B)
[2026-07-02T12:44:13.934Z] GET https://aarna.rjglobalgroup.in/_next/static/media/5c285b27cdda1fe8-s.p.0yo6-5yoeeudq.woff2 → 200 (655ms, 36980B)
[2026-07-02T12:44:13.934Z] GET https://aarna.rjglobalgroup.in/_next/static/media/5e5dfa9e86f764b8-s.p.0o9~3wzuvo.a_.woff2 → pending (?ms, ?B)
[2026-07-02T12:44:13.934Z] GET https://aarna.rjglobalgroup.in/_next/static/media/8c2eb9ceedecfc8e-s.p.0oeo8epbafgia.woff2 → pending (?ms, ?B)
[2026-07-02T12:44:13.934Z] GET https://aarna.rjglobalgroup.in/_next/image?url=%2Fimages%2Fhiw-1.png&w=750&q=75 → pending (?ms, ?B)
[2026-07-02T12:44:13.934Z] GET https://aarna.rjglobalgroup.in/_next/image?url=%2Fimages%2Ffinal-cta-bg.png&w=1920&q=70 → pending (?ms, ?B)
[2026-07-02T12:44:13.934Z] GET https://aarna.rjglobalgroup.in/_next/static/chunks/0zudeozf9uo46.css → pending (?ms, ?B)
[2026-07-02T12:44:13.934Z] GET https://aarna.rjglobalgroup.in/_next/static/chunks/05657rftlrwg~.js → pending (?ms, ?B)
[2026-07-02T12:44:13.934Z] GET https://aarna.rjglobalgroup.in/_next/static/chunks/0pqt~8bl3ukh4.js → pending (?ms, ?B)
[2026-07-02T12:44:13.935Z] GET https://aarna.rjglobalgroup.in/_next/static/chunks/0e-wrhqh4h3r5.js → pending (?ms, ?B)
[2026-07-02T12:44:13.935Z] GET https://aarna.rjglobalgroup.in/_next/static/chunks/0yoi6g0rt32bk.js → pending (?ms, ?B)
[2026-07-02T12:44:13.935Z] GET https://aarna.rjglobalgroup.in/_next/static/chunks/turbopack-0peg15p00e0fa.js → pending (?ms, ?B)
[2026-07-02T12:44:13.935Z] GET https://aarna.rjglobalgroup.in/_next/static/chunks/04o1.9.eshlk6.js → 200 (632ms, 25776B)
[2026-07-02T12:44:13.935Z] GET https://aarna.rjglobalgroup.in/_next/static/chunks/0d3shmwh5_nmn.js → pending (?ms, ?B)
[2026-07-02T12:44:13.935Z] GET https://aarna.rjglobalgroup.in/_next/static/chunks/15ika4zy8_z34.js → pending (?ms, ?B)
[2026-07-02T12:44:13.935Z] GET https://aarna.rjglobalgroup.in/_next/static/chunks/0~14n9338ft1_.js → pending (?ms, ?B)
[2026-07-02T12:44:13.935Z] GET https://aarna.rjglobalgroup.in/_next/static/chunks/13zrqw5ykwqh5.js → pending (?ms, ?B)
[2026-07-02T12:44:13.935Z] GET https://aarna.rjglobalgroup.in/_next/static/chunks/09c61q48rwfju.js → pending (?ms, ?B)
[2026-07-02T12:44:13.935Z] GET https://aarna.rjglobalgroup.in/images/morning-market.png → pending (?ms, ?B)
[2026-07-02T12:44:13.935Z] GET https://aarna.rjglobalgroup.in/images/offering-dawn.png → pending (?ms, ?B)
[2026-07-02T12:44:13.949Z] GET https://aarna.rjglobalgroup.in/videos/hero.mp4 → pending (?ms, ?B)
[2026-07-02T12:44:13.955Z] GET https://aarna.rjglobalgroup.in/videos/hiw-2.mp4 → 206 (628ms, ?B)
[2026-07-02T12:44:13.955Z] GET https://aarna.rjglobalgroup.in/videos/hiw-3.mp4 → 206 (262ms, ?B)
[2026-07-02T12:44:14.224Z] GET https://aarna.rjglobalgroup.in/videos/hiw-3.mp4 → pending (?ms, ?B)
[2026-07-02T12:44:14.596Z] GET https://aarna.rjglobalgroup.in/videos/hiw-2.mp4 → pending (?ms, ?B)
[2026-07-02T12:44:15.272Z] GET https://aarna.rjglobalgroup.in/_next/static/media/6f8cddd3f32356db-s.0~9dbzaeqqce..woff2 → 200 (342ms, 21120B)
[2026-07-02T12:44:15.275Z] GET https://aarna.rjglobalgroup.in/videos/hiw-3.mp4 → 206 (407ms, 29336B)
[2026-07-02T12:44:15.276Z] GET https://aarna.rjglobalgroup.in/videos/hiw-2.mp4 → 206 (406ms, 14851B)
[2026-07-02T12:44:15.380Z] GET https://aarna.rjglobalgroup.in/6d1fa181b8b9df5c/script.js → 200 (329ms, 2495B)
[2026-07-02T12:44:26.635Z] GET https://aarna.rjglobalgroup.in/ → 200 (247ms, ?B)
[2026-07-02T12:44:26.890Z] GET https://aarna.rjglobalgroup.in/_next/static/media/5c285b27cdda1fe8-s.p.0yo6-5yoeeudq.woff2 → 200 (?ms, ?B)
[2026-07-02T12:44:26.890Z] GET https://aarna.rjglobalgroup.in/_next/static/media/5e5dfa9e86f764b8-s.p.0o9~3wzuvo.a_.woff2 → 200 (?ms, ?B)
[2026-07-02T12:44:26.891Z] GET https://aarna.rjglobalgroup.in/_next/static/media/8c2eb9ceedecfc8e-s.p.0oeo8epbafgia.woff2 → 200 (?ms, ?B)
[2026-07-02T12:44:26.891Z] GET https://aarna.rjglobalgroup.in/_next/image?url=%2Fimages%2Fhiw-1.png&w=750&q=75 → pending (?ms, ?B)
[2026-07-02T12:44:26.891Z] GET https://aarna.rjglobalgroup.in/_next/image?url=%2Fimages%2Ffinal-cta-bg.png&w=1920&q=70 → pending (?ms, ?B)
[2026-07-02T12:44:26.891Z] GET https://aarna.rjglobalgroup.in/_next/static/chunks/0zudeozf9uo46.css → 200 (1ms, ?B)
[2026-07-02T12:44:26.892Z] GET https://aarna.rjglobalgroup.in/_next/static/chunks/05657rftlrwg~.js → 200 (?ms, ?B)
[2026-07-02T12:44:26.892Z] GET https://aarna.rjglobalgroup.in/_next/static/chunks/0pqt~8bl3ukh4.js → 200 (3ms, ?B)
[2026-07-02T12:44:26.895Z] GET https://aarna.rjglobalgroup.in/_next/static/chunks/0e-wrhqh4h3r5.js → 200 (1ms, ?B)
[2026-07-02T12:44:26.896Z] GET https://aarna.rjglobalgroup.in/_next/static/chunks/0yoi6g0rt32bk.js → 200 (?ms, ?B)
[2026-07-02T12:44:26.896Z] GET https://aarna.rjglobalgroup.in/_next/static/chunks/turbopack-0peg15p00e0fa.js → 200 (?ms, ?B)
[2026-07-02T12:44:26.896Z] GET https://aarna.rjglobalgroup.in/_next/static/chunks/04o1.9.eshlk6.js → 200 (1ms, ?B)
[2026-07-02T12:44:26.897Z] GET https://aarna.rjglobalgroup.in/_next/static/chunks/0d3shmwh5_nmn.js → 200 (?ms, ?B)
[2026-07-02T12:44:26.897Z] GET https://aarna.rjglobalgroup.in/_next/static/chunks/15ika4zy8_z34.js → 200 (1ms, ?B)
[2026-07-02T12:44:26.898Z] GET https://aarna.rjglobalgroup.in/_next/static/chunks/0~14n9338ft1_.js → 200 (?ms, ?B)
[2026-07-02T12:44:26.898Z] GET https://aarna.rjglobalgroup.in/_next/static/chunks/13zrqw5ykwqh5.js → 200 (?ms, ?B)
[2026-07-02T12:44:26.898Z] GET https://aarna.rjglobalgroup.in/_next/static/chunks/09c61q48rwfju.js → 200 (?ms, ?B)
[2026-07-02T12:44:26.899Z] GET https://aarna.rjglobalgroup.in/images/morning-market.png → pending (?ms, ?B)
[2026-07-02T12:44:26.899Z] GET https://aarna.rjglobalgroup.in/images/offering-dawn.png → pending (?ms, ?B)
[2026-07-02T12:44:26.899Z] GET https://aarna.rjglobalgroup.in/_next/static/media/6f8cddd3f32356db-s.0~9dbzaeqqce..woff2 → 200 (?ms, ?B)
[2026-07-02T12:44:26.968Z] GET https://aarna.rjglobalgroup.in/6d1fa181b8b9df5c/script.js → 200 (?ms, 2495B)
[2026-07-02T12:44:36.707Z] GET https://aarna.rjglobalgroup.in/videos/hero.mp4 → 206 (50ms, 7641B)
